
*** Running vivado
    with args -log tinyriscv_soc_top.vds -m64 -product Vivado -mode batch -messageDb vivado.pb -notrace -source tinyriscv_soc_top.tcl


****** Vivado v2021.1 (64-bit)
  **** SW Build 3247384 on Thu Jun 10 19:36:07 MDT 2021
  **** IP Build 3246043 on Fri Jun 11 00:30:35 MDT 2021
    ** Copyright 1986-2021 Xilinx, Inc. All Rights Reserved.

source tinyriscv_soc_top.tcl -notrace
Command: synth_design -top tinyriscv_soc_top -part xc7a35tfgg484-2
Starting synth_design
Attempting to get a license for feature 'Synthesis' and/or device 'xc7a35t'
INFO: [Common 17-349] Got license for feature 'Synthesis' and/or device 'xc7a35t'
INFO: [Device 21-403] Loading part xc7a35tfgg484-2
INFO: [Synth 8-7079] Multithreading enabled for synth_design using a maximum of 4 processes.
INFO: [Synth 8-7078] Launching helper process for spawning children vivado processes
INFO: [Synth 8-7075] Helper process launched with PID 2855751
WARNING: [Synth 8-2507] parameter declaration becomes local in jtag_dm with formal parameter declaration list [/data/chenzh/course/digital_design/risc-v/src/tinyriscv/debug/jtag_dm.v:60]
WARNING: [Synth 8-2507] parameter declaration becomes local in jtag_dm with formal parameter declaration list [/data/chenzh/course/digital_design/risc-v/src/tinyriscv/debug/jtag_dm.v:61]
WARNING: [Synth 8-2507] parameter declaration becomes local in jtag_dm with formal parameter declaration list [/data/chenzh/course/digital_design/risc-v/src/tinyriscv/debug/jtag_dm.v:62]
WARNING: [Synth 8-2507] parameter declaration becomes local in jtag_driver with formal parameter declaration list [/data/chenzh/course/digital_design/risc-v/src/tinyriscv/debug/jtag_driver.v:47]
WARNING: [Synth 8-2507] parameter declaration becomes local in jtag_driver with formal parameter declaration list [/data/chenzh/course/digital_design/risc-v/src/tinyriscv/debug/jtag_driver.v:48]
WARNING: [Synth 8-2507] parameter declaration becomes local in jtag_driver with formal parameter declaration list [/data/chenzh/course/digital_design/risc-v/src/tinyriscv/debug/jtag_driver.v:49]
WARNING: [Synth 8-2507] parameter declaration becomes local in jtag_driver with formal parameter declaration list [/data/chenzh/course/digital_design/risc-v/src/tinyriscv/debug/jtag_driver.v:51]
WARNING: [Synth 8-2507] parameter declaration becomes local in jtag_driver with formal parameter declaration list [/data/chenzh/course/digital_design/risc-v/src/tinyriscv/debug/jtag_driver.v:52]
WARNING: [Synth 8-2507] parameter declaration becomes local in jtag_driver with formal parameter declaration list [/data/chenzh/course/digital_design/risc-v/src/tinyriscv/debug/jtag_driver.v:54]
WARNING: [Synth 8-2507] parameter declaration becomes local in jtag_driver with formal parameter declaration list [/data/chenzh/course/digital_design/risc-v/src/tinyriscv/debug/jtag_driver.v:55]
WARNING: [Synth 8-2507] parameter declaration becomes local in jtag_driver with formal parameter declaration list [/data/chenzh/course/digital_design/risc-v/src/tinyriscv/debug/jtag_driver.v:56]
WARNING: [Synth 8-2507] parameter declaration becomes local in jtag_driver with formal parameter declaration list [/data/chenzh/course/digital_design/risc-v/src/tinyriscv/debug/jtag_driver.v:72]
WARNING: [Synth 8-2507] parameter declaration becomes local in jtag_driver with formal parameter declaration list [/data/chenzh/course/digital_design/risc-v/src/tinyriscv/debug/jtag_driver.v:73]
WARNING: [Synth 8-2507] parameter declaration becomes local in jtag_driver with formal parameter declaration list [/data/chenzh/course/digital_design/risc-v/src/tinyriscv/debug/jtag_driver.v:74]
WARNING: [Synth 8-2507] parameter declaration becomes local in jtag_driver with formal parameter declaration list [/data/chenzh/course/digital_design/risc-v/src/tinyriscv/debug/jtag_driver.v:75]
WARNING: [Synth 8-2507] parameter declaration becomes local in jtag_driver with formal parameter declaration list [/data/chenzh/course/digital_design/risc-v/src/tinyriscv/debug/jtag_driver.v:76]
WARNING: [Synth 8-2507] parameter declaration becomes local in jtag_driver with formal parameter declaration list [/data/chenzh/course/digital_design/risc-v/src/tinyriscv/debug/jtag_driver.v:77]
WARNING: [Synth 8-2507] parameter declaration becomes local in jtag_driver with formal parameter declaration list [/data/chenzh/course/digital_design/risc-v/src/tinyriscv/debug/jtag_driver.v:78]
WARNING: [Synth 8-2507] parameter declaration becomes local in jtag_driver with formal parameter declaration list [/data/chenzh/course/digital_design/risc-v/src/tinyriscv/debug/jtag_driver.v:79]
WARNING: [Synth 8-2507] parameter declaration becomes local in jtag_driver with formal parameter declaration list [/data/chenzh/course/digital_design/risc-v/src/tinyriscv/debug/jtag_driver.v:80]
WARNING: [Synth 8-2507] parameter declaration becomes local in jtag_driver with formal parameter declaration list [/data/chenzh/course/digital_design/risc-v/src/tinyriscv/debug/jtag_driver.v:81]
WARNING: [Synth 8-2507] parameter declaration becomes local in jtag_driver with formal parameter declaration list [/data/chenzh/course/digital_design/risc-v/src/tinyriscv/debug/jtag_driver.v:82]
WARNING: [Synth 8-2507] parameter declaration becomes local in jtag_driver with formal parameter declaration list [/data/chenzh/course/digital_design/risc-v/src/tinyriscv/debug/jtag_driver.v:83]
WARNING: [Synth 8-2507] parameter declaration becomes local in jtag_driver with formal parameter declaration list [/data/chenzh/course/digital_design/risc-v/src/tinyriscv/debug/jtag_driver.v:84]
WARNING: [Synth 8-2507] parameter declaration becomes local in jtag_driver with formal parameter declaration list [/data/chenzh/course/digital_design/risc-v/src/tinyriscv/debug/jtag_driver.v:85]
WARNING: [Synth 8-2507] parameter declaration becomes local in jtag_driver with formal parameter declaration list [/data/chenzh/course/digital_design/risc-v/src/tinyriscv/debug/jtag_driver.v:86]
WARNING: [Synth 8-2507] parameter declaration becomes local in jtag_driver with formal parameter declaration list [/data/chenzh/course/digital_design/risc-v/src/tinyriscv/debug/jtag_driver.v:87]
WARNING: [Synth 8-2507] parameter declaration becomes local in jtag_driver with formal parameter declaration list [/data/chenzh/course/digital_design/risc-v/src/tinyriscv/debug/jtag_driver.v:90]
WARNING: [Synth 8-2507] parameter declaration becomes local in jtag_driver with formal parameter declaration list [/data/chenzh/course/digital_design/risc-v/src/tinyriscv/debug/jtag_driver.v:91]
WARNING: [Synth 8-2507] parameter declaration becomes local in jtag_driver with formal parameter declaration list [/data/chenzh/course/digital_design/risc-v/src/tinyriscv/debug/jtag_driver.v:92]
WARNING: [Synth 8-2507] parameter declaration becomes local in jtag_driver with formal parameter declaration list [/data/chenzh/course/digital_design/risc-v/src/tinyriscv/debug/jtag_driver.v:93]
WARNING: [Synth 8-2507] parameter declaration becomes local in jtag_top with formal parameter declaration list [/data/chenzh/course/digital_design/risc-v/src/tinyriscv/debug/jtag_top.v:48]
WARNING: [Synth 8-2507] parameter declaration becomes local in jtag_top with formal parameter declaration list [/data/chenzh/course/digital_design/risc-v/src/tinyriscv/debug/jtag_top.v:49]
---------------------------------------------------------------------------------
Starting RTL Elaboration : Time (s): cpu = 00:00:02 ; elapsed = 00:00:03 . Memory (MB): peak = 2533.016 ; gain = 0.000 ; free physical = 6905 ; free virtual = 103851
---------------------------------------------------------------------------------
INFO: [Synth 8-6157] synthesizing module 'tinyriscv_soc_top' [/data/chenzh/course/digital_design/risc-v/src/tinyriscv/soc/tinyriscv_soc_top.v:20]
INFO: [Synth 8-6157] synthesizing module 'tinyriscv' [/data/chenzh/course/digital_design/risc-v/src/tinyriscv/core/tinyriscv.v:20]
INFO: [Synth 8-6157] synthesizing module 'pc_reg' [/data/chenzh/course/digital_design/risc-v/src/tinyriscv/core/pc_reg.v:20]
INFO: [Synth 8-6155] done synthesizing module 'pc_reg' (1#1) [/data/chenzh/course/digital_design/risc-v/src/tinyriscv/core/pc_reg.v:20]
INFO: [Synth 8-6157] synthesizing module 'ctrl' [/data/chenzh/course/digital_design/risc-v/src/tinyriscv/core/ctrl.v:21]
INFO: [Synth 8-6155] done synthesizing module 'ctrl' (2#1) [/data/chenzh/course/digital_design/risc-v/src/tinyriscv/core/ctrl.v:21]
INFO: [Synth 8-6157] synthesizing module 'regs' [/data/chenzh/course/digital_design/risc-v/src/tinyriscv/core/regs.v:20]
INFO: [Synth 8-6155] done synthesizing module 'regs' (3#1) [/data/chenzh/course/digital_design/risc-v/src/tinyriscv/core/regs.v:20]
INFO: [Synth 8-6157] synthesizing module 'csr_reg' [/data/chenzh/course/digital_design/risc-v/src/tinyriscv/core/csr_reg.v:20]
INFO: [Synth 8-6155] done synthesizing module 'csr_reg' (4#1) [/data/chenzh/course/digital_design/risc-v/src/tinyriscv/core/csr_reg.v:20]
INFO: [Synth 8-6157] synthesizing module 'if_id' [/data/chenzh/course/digital_design/risc-v/src/tinyriscv/core/if_id.v:20]
INFO: [Synth 8-6157] synthesizing module 'gen_pipe_dff' [/data/chenzh/course/digital_design/risc-v/src/tinyriscv/utils/gen_dff.v:18]
	Parameter DW bound to: 32 - type: integer 
INFO: [Synth 8-6155] done synthesizing module 'gen_pipe_dff' (5#1) [/data/chenzh/course/digital_design/risc-v/src/tinyriscv/utils/gen_dff.v:18]
INFO: [Synth 8-6157] synthesizing module 'gen_pipe_dff__parameterized0' [/data/chenzh/course/digital_design/risc-v/src/tinyriscv/utils/gen_dff.v:18]
	Parameter DW bound to: 8 - type: integer 
INFO: [Synth 8-6155] done synthesizing module 'gen_pipe_dff__parameterized0' (5#1) [/data/chenzh/course/digital_design/risc-v/src/tinyriscv/utils/gen_dff.v:18]
INFO: [Synth 8-6155] done synthesizing module 'if_id' (6#1) [/data/chenzh/course/digital_design/risc-v/src/tinyriscv/core/if_id.v:20]
INFO: [Synth 8-6157] synthesizing module 'id' [/data/chenzh/course/digital_design/risc-v/src/tinyriscv/core/id.v:21]
INFO: [Synth 8-226] default block is never used [/data/chenzh/course/digital_design/risc-v/src/tinyriscv/core/id.v:87]
INFO: [Synth 8-226] default block is never used [/data/chenzh/course/digital_design/risc-v/src/tinyriscv/core/id.v:106]
INFO: [Synth 8-226] default block is never used [/data/chenzh/course/digital_design/risc-v/src/tinyriscv/core/id.v:123]
INFO: [Synth 8-6155] done synthesizing module 'id' (7#1) [/data/chenzh/course/digital_design/risc-v/src/tinyriscv/core/id.v:21]
INFO: [Synth 8-6157] synthesizing module 'id_ex' [/data/chenzh/course/digital_design/risc-v/src/tinyriscv/core/id_ex.v:20]
INFO: [Synth 8-6157] synthesizing module 'gen_pipe_dff__parameterized1' [/data/chenzh/course/digital_design/risc-v/src/tinyriscv/utils/gen_dff.v:18]
	Parameter DW bound to: 1 - type: integer 
INFO: [Synth 8-6155] done synthesizing module 'gen_pipe_dff__parameterized1' (7#1) [/data/chenzh/course/digital_design/risc-v/src/tinyriscv/utils/gen_dff.v:18]
INFO: [Synth 8-6157] synthesizing module 'gen_pipe_dff__parameterized2' [/data/chenzh/course/digital_design/risc-v/src/tinyriscv/utils/gen_dff.v:18]
	Parameter DW bound to: 5 - type: integer 
INFO: [Synth 8-6155] done synthesizing module 'gen_pipe_dff__parameterized2' (7#1) [/data/chenzh/course/digital_design/risc-v/src/tinyriscv/utils/gen_dff.v:18]
INFO: [Synth 8-6155] done synthesizing module 'id_ex' (8#1) [/data/chenzh/course/digital_design/risc-v/src/tinyriscv/core/id_ex.v:20]
INFO: [Synth 8-6157] synthesizing module 'ex' [/data/chenzh/course/digital_design/risc-v/src/tinyriscv/core/ex.v:21]
INFO: [Synth 8-226] default block is never used [/data/chenzh/course/digital_design/risc-v/src/tinyriscv/core/ex.v:284]
INFO: [Synth 8-226] default block is never used [/data/chenzh/course/digital_design/risc-v/src/tinyriscv/core/ex.v:383]
INFO: [Synth 8-6155] done synthesizing module 'ex' (9#1) [/data/chenzh/course/digital_design/risc-v/src/tinyriscv/core/ex.v:21]
INFO: [Synth 8-6157] synthesizing module 'div' [/data/chenzh/course/digital_design/risc-v/src/tinyriscv/core/div.v:22]
INFO: [Synth 8-155] case statement is not full and has no default [/data/chenzh/course/digital_design/risc-v/src/tinyriscv/core/div.v:87]
INFO: [Synth 8-6155] done synthesizing module 'div' (10#1) [/data/chenzh/course/digital_design/risc-v/src/tinyriscv/core/div.v:22]
INFO: [Synth 8-6157] synthesizing module 'clint' [/data/chenzh/course/digital_design/risc-v/src/tinyriscv/core/clint.v:21]
INFO: [Synth 8-6155] done synthesizing module 'clint' (11#1) [/data/chenzh/course/digital_design/risc-v/src/tinyriscv/core/clint.v:21]
INFO: [Synth 8-6157] synthesizing module 'sid' [/data/chenzh/course/digital_design/risc-v/src/tinyriscv/core/sid.v:6]
INFO: [Synth 8-6155] done synthesizing module 'sid' (12#1) [/data/chenzh/course/digital_design/risc-v/src/tinyriscv/core/sid.v:6]
WARNING: [Synth 8-689] width (1) of port connection 'mem_waddr_o' does not match port width (32) of module 'sid' [/data/chenzh/course/digital_design/risc-v/src/tinyriscv/core/tinyriscv.v:396]
INFO: [Synth 8-6155] done synthesizing module 'tinyriscv' (13#1) [/data/chenzh/course/digital_design/risc-v/src/tinyriscv/core/tinyriscv.v:20]
INFO: [Synth 8-6157] synthesizing module 'rom' [/data/chenzh/course/digital_design/risc-v/src/tinyriscv/perips/rom.v:20]
INFO: [Synth 8-6155] done synthesizing module 'rom' (14#1) [/data/chenzh/course/digital_design/risc-v/src/tinyriscv/perips/rom.v:20]
INFO: [Synth 8-6157] synthesizing module 'ram' [/data/chenzh/course/digital_design/risc-v/src/tinyriscv/perips/ram.v:20]
INFO: [Synth 8-6155] done synthesizing module 'ram' (15#1) [/data/chenzh/course/digital_design/risc-v/src/tinyriscv/perips/ram.v:20]
INFO: [Synth 8-6157] synthesizing module 'timer' [/data/chenzh/course/digital_design/risc-v/src/tinyriscv/perips/timer.v:21]
INFO: [Synth 8-155] case statement is not full and has no default [/data/chenzh/course/digital_design/risc-v/src/tinyriscv/perips/timer.v:79]
INFO: [Synth 8-6155] done synthesizing module 'timer' (16#1) [/data/chenzh/course/digital_design/risc-v/src/tinyriscv/perips/timer.v:21]
INFO: [Synth 8-6157] synthesizing module 'uart' [/data/chenzh/course/digital_design/risc-v/src/tinyriscv/perips/uart.v:19]
INFO: [Synth 8-155] case statement is not full and has no default [/data/chenzh/course/digital_design/risc-v/src/tinyriscv/perips/uart.v:102]
INFO: [Synth 8-155] case statement is not full and has no default [/data/chenzh/course/digital_design/risc-v/src/tinyriscv/perips/uart.v:183]
INFO: [Synth 8-155] case statement is not full and has no default [/data/chenzh/course/digital_design/risc-v/src/tinyriscv/perips/uart.v:307]
INFO: [Synth 8-6155] done synthesizing module 'uart' (17#1) [/data/chenzh/course/digital_design/risc-v/src/tinyriscv/perips/uart.v:19]
INFO: [Synth 8-6157] synthesizing module 'gpio' [/data/chenzh/course/digital_design/risc-v/src/tinyriscv/perips/gpio.v:19]
INFO: [Synth 8-155] case statement is not full and has no default [/data/chenzh/course/digital_design/risc-v/src/tinyriscv/perips/gpio.v:60]
INFO: [Synth 8-6155] done synthesizing module 'gpio' (18#1) [/data/chenzh/course/digital_design/risc-v/src/tinyriscv/perips/gpio.v:19]
WARNING: [Synth 8-689] width (16) of port connection 'io_pin_i' does not match port width (2) of module 'gpio' [/data/chenzh/course/digital_design/risc-v/src/tinyriscv/soc/tinyriscv_soc_top.v:288]
INFO: [Synth 8-6157] synthesizing module 'spi' [/data/chenzh/course/digital_design/risc-v/src/tinyriscv/perips/spi.v:19]
INFO: [Synth 8-155] case statement is not full and has no default [/data/chenzh/course/digital_design/risc-v/src/tinyriscv/perips/spi.v:140]
INFO: [Synth 8-6155] done synthesizing module 'spi' (19#1) [/data/chenzh/course/digital_design/risc-v/src/tinyriscv/perips/spi.v:19]
INFO: [Synth 8-6157] synthesizing module 'pwm' [/data/chenzh/course/digital_design/risc-v/src/tinyriscv/perips/pwm.v:3]
INFO: [Synth 8-6155] done synthesizing module 'pwm' (20#1) [/data/chenzh/course/digital_design/risc-v/src/tinyriscv/perips/pwm.v:3]
INFO: [Synth 8-6157] synthesizing module 'i2c' [/data/chenzh/course/digital_design/risc-v/src/tinyriscv/perips/i2c.v:4]
WARNING: [Synth 8-151] case item 32'b00000000000000000000000000001000 is unreachable [/data/chenzh/course/digital_design/risc-v/src/tinyriscv/perips/i2c.v:140]
INFO: [Synth 8-226] default block is never used [/data/chenzh/course/digital_design/risc-v/src/tinyriscv/perips/i2c.v:97]
WARNING: [Synth 8-151] case item 32'b00000000000000000000000000001000 is unreachable [/data/chenzh/course/digital_design/risc-v/src/tinyriscv/perips/i2c.v:192]
INFO: [Synth 8-226] default block is never used [/data/chenzh/course/digital_design/risc-v/src/tinyriscv/perips/i2c.v:157]
INFO: [Synth 8-6155] done synthesizing module 'i2c' (21#1) [/data/chenzh/course/digital_design/risc-v/src/tinyriscv/perips/i2c.v:4]
WARNING: [Synth 8-689] width (32) of port connection 'data_o' does not match port width (8) of module 'i2c' [/data/chenzh/course/digital_design/risc-v/src/tinyriscv/soc/tinyriscv_soc_top.v:322]
INFO: [Synth 8-6157] synthesizing module 'rib' [/data/chenzh/course/digital_design/risc-v/src/tinyriscv/core/rib.v:21]
INFO: [Synth 8-226] default block is never used [/data/chenzh/course/digital_design/risc-v/src/tinyriscv/core/rib.v:182]
INFO: [Synth 8-6155] done synthesizing module 'rib' (22#1) [/data/chenzh/course/digital_design/risc-v/src/tinyriscv/core/rib.v:21]
INFO: [Synth 8-6157] synthesizing module 'uart_debug' [/data/chenzh/course/digital_design/risc-v/src/tinyriscv/debug/uart_debug.v:44]
INFO: [Synth 8-155] case statement is not full and has no default [/data/chenzh/course/digital_design/risc-v/src/tinyriscv/debug/uart_debug.v:108]
INFO: [Synth 8-155] case statement is not full and has no default [/data/chenzh/course/digital_design/risc-v/src/tinyriscv/debug/uart_debug.v:220]
INFO: [Synth 8-155] case statement is not full and has no default [/data/chenzh/course/digital_design/risc-v/src/tinyriscv/debug/uart_debug.v:236]
INFO: [Synth 8-155] case statement is not full and has no default [/data/chenzh/course/digital_design/risc-v/src/tinyriscv/debug/uart_debug.v:256]
INFO: [Synth 8-155] case statement is not full and has no default [/data/chenzh/course/digital_design/risc-v/src/tinyriscv/debug/uart_debug.v:269]
INFO: [Synth 8-155] case statement is not full and has no default [/data/chenzh/course/digital_design/risc-v/src/tinyriscv/debug/uart_debug.v:288]
INFO: [Synth 8-155] case statement is not full and has no default [/data/chenzh/course/digital_design/risc-v/src/tinyriscv/debug/uart_debug.v:306]
INFO: [Synth 8-155] case statement is not full and has no default [/data/chenzh/course/digital_design/risc-v/src/tinyriscv/debug/uart_debug.v:324]
INFO: [Synth 8-155] case statement is not full and has no default [/data/chenzh/course/digital_design/risc-v/src/tinyriscv/debug/uart_debug.v:342]
INFO: [Synth 8-155] case statement is not full and has no default [/data/chenzh/course/digital_design/risc-v/src/tinyriscv/debug/uart_debug.v:360]
INFO: [Synth 8-155] case statement is not full and has no default [/data/chenzh/course/digital_design/risc-v/src/tinyriscv/debug/uart_debug.v:379]
INFO: [Synth 8-155] case statement is not full and has no default [/data/chenzh/course/digital_design/risc-v/src/tinyriscv/debug/uart_debug.v:404]
INFO: [Synth 8-155] case statement is not full and has no default [/data/chenzh/course/digital_design/risc-v/src/tinyriscv/debug/uart_debug.v:423]
INFO: [Synth 8-6155] done synthesizing module 'uart_debug' (23#1) [/data/chenzh/course/digital_design/risc-v/src/tinyriscv/debug/uart_debug.v:44]
INFO: [Synth 8-6157] synthesizing module 'jtag_top' [/data/chenzh/course/digital_design/risc-v/src/tinyriscv/debug/jtag_top.v:20]
	Parameter DMI_ADDR_BITS bound to: 6 - type: integer 
	Parameter DMI_DATA_BITS bound to: 32 - type: integer 
	Parameter DMI_OP_BITS bound to: 2 - type: integer 
INFO: [Synth 8-6157] synthesizing module 'jtag_driver' [/data/chenzh/course/digital_design/risc-v/src/tinyriscv/debug/jtag_driver.v:23]
	Parameter DMI_ADDR_BITS bound to: 6 - type: integer 
	Parameter DMI_DATA_BITS bound to: 32 - type: integer 
	Parameter DMI_OP_BITS bound to: 2 - type: integer 
INFO: [Synth 8-155] case statement is not full and has no default [/data/chenzh/course/digital_design/risc-v/src/tinyriscv/debug/jtag_driver.v:162]
INFO: [Synth 8-6157] synthesizing module 'full_handshake_tx' [/data/chenzh/course/digital_design/risc-v/src/tinyriscv/utils/full_handshake_tx.v:23]
	Parameter DW bound to: 40 - type: integer 
INFO: [Synth 8-155] case statement is not full and has no default [/data/chenzh/course/digital_design/risc-v/src/tinyriscv/utils/full_handshake_tx.v:115]
INFO: [Synth 8-6155] done synthesizing module 'full_handshake_tx' (24#1) [/data/chenzh/course/digital_design/risc-v/src/tinyriscv/utils/full_handshake_tx.v:23]
INFO: [Synth 8-6157] synthesizing module 'full_handshake_rx' [/data/chenzh/course/digital_design/risc-v/src/tinyriscv/utils/full_handshake_rx.v:23]
	Parameter DW bound to: 40 - type: integer 
INFO: [Synth 8-155] case statement is not full and has no default [/data/chenzh/course/digital_design/risc-v/src/tinyriscv/utils/full_handshake_rx.v:104]
INFO: [Synth 8-6155] done synthesizing module 'full_handshake_rx' (25#1) [/data/chenzh/course/digital_design/risc-v/src/tinyriscv/utils/full_handshake_rx.v:23]
INFO: [Synth 8-6155] done synthesizing module 'jtag_driver' (26#1) [/data/chenzh/course/digital_design/risc-v/src/tinyriscv/debug/jtag_driver.v:23]
INFO: [Synth 8-6157] synthesizing module 'jtag_dm' [/data/chenzh/course/digital_design/risc-v/src/tinyriscv/debug/jtag_dm.v:27]
	Parameter DMI_ADDR_BITS bound to: 6 - type: integer 
	Parameter DMI_DATA_BITS bound to: 32 - type: integer 
	Parameter DMI_OP_BITS bound to: 2 - type: integer 
INFO: [Synth 8-155] case statement is not full and has no default [/data/chenzh/course/digital_design/risc-v/src/tinyriscv/debug/jtag_dm.v:204]
INFO: [Synth 8-155] case statement is not full and has no default [/data/chenzh/course/digital_design/risc-v/src/tinyriscv/debug/jtag_dm.v:161]
INFO: [Synth 8-6155] done synthesizing module 'jtag_dm' (27#1) [/data/chenzh/course/digital_design/risc-v/src/tinyriscv/debug/jtag_dm.v:27]
INFO: [Synth 8-6155] done synthesizing module 'jtag_top' (28#1) [/data/chenzh/course/digital_design/risc-v/src/tinyriscv/debug/jtag_top.v:20]
INFO: [Synth 8-6155] done synthesizing module 'tinyriscv_soc_top' (29#1) [/data/chenzh/course/digital_design/risc-v/src/tinyriscv/soc/tinyriscv_soc_top.v:20]
---------------------------------------------------------------------------------
Finished RTL Elaboration : Time (s): cpu = 00:00:05 ; elapsed = 00:00:06 . Memory (MB): peak = 2533.016 ; gain = 0.000 ; free physical = 6856 ; free virtual = 103804
---------------------------------------------------------------------------------
---------------------------------------------------------------------------------
Start Handling Custom Attributes
---------------------------------------------------------------------------------
---------------------------------------------------------------------------------
Finished Handling Custom Attributes : Time (s): cpu = 00:00:07 ; elapsed = 00:00:07 . Memory (MB): peak = 2533.016 ; gain = 0.000 ; free physical = 6861 ; free virtual = 103809
---------------------------------------------------------------------------------
---------------------------------------------------------------------------------
Finished RTL Optimization Phase 1 : Time (s): cpu = 00:00:07 ; elapsed = 00:00:07 . Memory (MB): peak = 2533.016 ; gain = 0.000 ; free physical = 6861 ; free virtual = 103809
---------------------------------------------------------------------------------
Netlist sorting complete. Time (s): cpu = 00:00:00.13 ; elapsed = 00:00:00.13 . Memory (MB): peak = 2533.016 ; gain = 0.000 ; free physical = 6847 ; free virtual = 103796
INFO: [Project 1-570] Preparing netlist for logic optimization

Processing XDC Constraints
Initializing timing engine
Parsing XDC File [/data/chenzh/course/digital_design/risc-v/sim/project_1/project_1.srcs/constrs_1/new/tinyriscv_soc_top.xdc]
WARNING: [Vivado 12-584] No ports matched 'PWM_o[0]'. [/data/chenzh/course/digital_design/risc-v/sim/project_1/project_1.srcs/constrs_1/new/tinyriscv_soc_top.xdc:26]
CRITICAL WARNING: [Common 17-55] 'set_property' expects at least one object. [/data/chenzh/course/digital_design/risc-v/sim/project_1/project_1.srcs/constrs_1/new/tinyriscv_soc_top.xdc:26]
Resolution: If [get_<value>] was used to populate the object, check to make sure this command returns at least one valid object.
WARNING: [Vivado 12-584] No ports matched 'PWM_o[0]'. [/data/chenzh/course/digital_design/risc-v/sim/project_1/project_1.srcs/constrs_1/new/tinyriscv_soc_top.xdc:27]
CRITICAL WARNING: [Common 17-55] 'set_property' expects at least one object. [/data/chenzh/course/digital_design/risc-v/sim/project_1/project_1.srcs/constrs_1/new/tinyriscv_soc_top.xdc:27]
Resolution: If [get_<value>] was used to populate the object, check to make sure this command returns at least one valid object.
WARNING: [Vivado 12-584] No ports matched 'PWM_o[1]'. [/data/chenzh/course/digital_design/risc-v/sim/project_1/project_1.srcs/constrs_1/new/tinyriscv_soc_top.xdc:29]
CRITICAL WARNING: [Common 17-55] 'set_property' expects at least one object. [/data/chenzh/course/digital_design/risc-v/sim/project_1/project_1.srcs/constrs_1/new/tinyriscv_soc_top.xdc:29]
Resolution: If [get_<value>] was used to populate the object, check to make sure this command returns at least one valid object.
WARNING: [Vivado 12-584] No ports matched 'PWM_o[1]'. [/data/chenzh/course/digital_design/risc-v/sim/project_1/project_1.srcs/constrs_1/new/tinyriscv_soc_top.xdc:30]
CRITICAL WARNING: [Common 17-55] 'set_property' expects at least one object. [/data/chenzh/course/digital_design/risc-v/sim/project_1/project_1.srcs/constrs_1/new/tinyriscv_soc_top.xdc:30]
Resolution: If [get_<value>] was used to populate the object, check to make sure this command returns at least one valid object.
WARNING: [Vivado 12-584] No ports matched 'PWM_o[2]'. [/data/chenzh/course/digital_design/risc-v/sim/project_1/project_1.srcs/constrs_1/new/tinyriscv_soc_top.xdc:32]
CRITICAL WARNING: [Common 17-55] 'set_property' expects at least one object. [/data/chenzh/course/digital_design/risc-v/sim/project_1/project_1.srcs/constrs_1/new/tinyriscv_soc_top.xdc:32]
Resolution: If [get_<value>] was used to populate the object, check to make sure this command returns at least one valid object.
WARNING: [Vivado 12-584] No ports matched 'PWM_o[2]'. [/data/chenzh/course/digital_design/risc-v/sim/project_1/project_1.srcs/constrs_1/new/tinyriscv_soc_top.xdc:33]
CRITICAL WARNING: [Common 17-55] 'set_property' expects at least one object. [/data/chenzh/course/digital_design/risc-v/sim/project_1/project_1.srcs/constrs_1/new/tinyriscv_soc_top.xdc:33]
Resolution: If [get_<value>] was used to populate the object, check to make sure this command returns at least one valid object.
WARNING: [Vivado 12-584] No ports matched 'gpio_out[*]'. [/data/chenzh/course/digital_design/risc-v/sim/project_1/project_1.srcs/constrs_1/new/tinyriscv_soc_top.xdc:36]
CRITICAL WARNING: [Common 17-55] 'set_property' expects at least one object. [/data/chenzh/course/digital_design/risc-v/sim/project_1/project_1.srcs/constrs_1/new/tinyriscv_soc_top.xdc:36]
Resolution: If [get_<value>] was used to populate the object, check to make sure this command returns at least one valid object.
WARNING: [Vivado 12-584] No ports matched 'gpio_out[0]'. [/data/chenzh/course/digital_design/risc-v/sim/project_1/project_1.srcs/constrs_1/new/tinyriscv_soc_top.xdc:37]
CRITICAL WARNING: [Common 17-55] 'set_property' expects at least one object. [/data/chenzh/course/digital_design/risc-v/sim/project_1/project_1.srcs/constrs_1/new/tinyriscv_soc_top.xdc:37]
Resolution: If [get_<value>] was used to populate the object, check to make sure this command returns at least one valid object.
WARNING: [Vivado 12-584] No ports matched 'gpio_out[1]'. [/data/chenzh/course/digital_design/risc-v/sim/project_1/project_1.srcs/constrs_1/new/tinyriscv_soc_top.xdc:38]
CRITICAL WARNING: [Common 17-55] 'set_property' expects at least one object. [/data/chenzh/course/digital_design/risc-v/sim/project_1/project_1.srcs/constrs_1/new/tinyriscv_soc_top.xdc:38]
Resolution: If [get_<value>] was used to populate the object, check to make sure this command returns at least one valid object.
WARNING: [Vivado 12-584] No ports matched 'gpio_out[2]'. [/data/chenzh/course/digital_design/risc-v/sim/project_1/project_1.srcs/constrs_1/new/tinyriscv_soc_top.xdc:39]
CRITICAL WARNING: [Common 17-55] 'set_property' expects at least one object. [/data/chenzh/course/digital_design/risc-v/sim/project_1/project_1.srcs/constrs_1/new/tinyriscv_soc_top.xdc:39]
Resolution: If [get_<value>] was used to populate the object, check to make sure this command returns at least one valid object.
WARNING: [Vivado 12-584] No ports matched 'gpio_out[3]'. [/data/chenzh/course/digital_design/risc-v/sim/project_1/project_1.srcs/constrs_1/new/tinyriscv_soc_top.xdc:40]
CRITICAL WARNING: [Common 17-55] 'set_property' expects at least one object. [/data/chenzh/course/digital_design/risc-v/sim/project_1/project_1.srcs/constrs_1/new/tinyriscv_soc_top.xdc:40]
Resolution: If [get_<value>] was used to populate the object, check to make sure this command returns at least one valid object.
WARNING: [Vivado 12-584] No ports matched 'gpio_out[4]'. [/data/chenzh/course/digital_design/risc-v/sim/project_1/project_1.srcs/constrs_1/new/tinyriscv_soc_top.xdc:41]
CRITICAL WARNING: [Common 17-55] 'set_property' expects at least one object. [/data/chenzh/course/digital_design/risc-v/sim/project_1/project_1.srcs/constrs_1/new/tinyriscv_soc_top.xdc:41]
Resolution: If [get_<value>] was used to populate the object, check to make sure this command returns at least one valid object.
WARNING: [Vivado 12-584] No ports matched 'gpio_out[5]'. [/data/chenzh/course/digital_design/risc-v/sim/project_1/project_1.srcs/constrs_1/new/tinyriscv_soc_top.xdc:42]
CRITICAL WARNING: [Common 17-55] 'set_property' expects at least one object. [/data/chenzh/course/digital_design/risc-v/sim/project_1/project_1.srcs/constrs_1/new/tinyriscv_soc_top.xdc:42]
Resolution: If [get_<value>] was used to populate the object, check to make sure this command returns at least one valid object.
WARNING: [Vivado 12-584] No ports matched 'gpio_out[6]'. [/data/chenzh/course/digital_design/risc-v/sim/project_1/project_1.srcs/constrs_1/new/tinyriscv_soc_top.xdc:43]
CRITICAL WARNING: [Common 17-55] 'set_property' expects at least one object. [/data/chenzh/course/digital_design/risc-v/sim/project_1/project_1.srcs/constrs_1/new/tinyriscv_soc_top.xdc:43]
Resolution: If [get_<value>] was used to populate the object, check to make sure this command returns at least one valid object.
WARNING: [Vivado 12-584] No ports matched 'gpio_out[7]'. [/data/chenzh/course/digital_design/risc-v/sim/project_1/project_1.srcs/constrs_1/new/tinyriscv_soc_top.xdc:44]
CRITICAL WARNING: [Common 17-55] 'set_property' expects at least one object. [/data/chenzh/course/digital_design/risc-v/sim/project_1/project_1.srcs/constrs_1/new/tinyriscv_soc_top.xdc:44]
Resolution: If [get_<value>] was used to populate the object, check to make sure this command returns at least one valid object.
WARNING: [Vivado 12-584] No ports matched 'gpio_out[8]'. [/data/chenzh/course/digital_design/risc-v/sim/project_1/project_1.srcs/constrs_1/new/tinyriscv_soc_top.xdc:45]
CRITICAL WARNING: [Common 17-55] 'set_property' expects at least one object. [/data/chenzh/course/digital_design/risc-v/sim/project_1/project_1.srcs/constrs_1/new/tinyriscv_soc_top.xdc:45]
Resolution: If [get_<value>] was used to populate the object, check to make sure this command returns at least one valid object.
WARNING: [Vivado 12-584] No ports matched 'gpio_out[9]'. [/data/chenzh/course/digital_design/risc-v/sim/project_1/project_1.srcs/constrs_1/new/tinyriscv_soc_top.xdc:46]
CRITICAL WARNING: [Common 17-55] 'set_property' expects at least one object. [/data/chenzh/course/digital_design/risc-v/sim/project_1/project_1.srcs/constrs_1/new/tinyriscv_soc_top.xdc:46]
Resolution: If [get_<value>] was used to populate the object, check to make sure this command returns at least one valid object.
WARNING: [Vivado 12-584] No ports matched 'gpio_out[10]'. [/data/chenzh/course/digital_design/risc-v/sim/project_1/project_1.srcs/constrs_1/new/tinyriscv_soc_top.xdc:47]
CRITICAL WARNING: [Common 17-55] 'set_property' expects at least one object. [/data/chenzh/course/digital_design/risc-v/sim/project_1/project_1.srcs/constrs_1/new/tinyriscv_soc_top.xdc:47]
Resolution: If [get_<value>] was used to populate the object, check to make sure this command returns at least one valid object.
WARNING: [Vivado 12-584] No ports matched 'gpio_out[11]'. [/data/chenzh/course/digital_design/risc-v/sim/project_1/project_1.srcs/constrs_1/new/tinyriscv_soc_top.xdc:48]
CRITICAL WARNING: [Common 17-55] 'set_property' expects at least one object. [/data/chenzh/course/digital_design/risc-v/sim/project_1/project_1.srcs/constrs_1/new/tinyriscv_soc_top.xdc:48]
Resolution: If [get_<value>] was used to populate the object, check to make sure this command returns at least one valid object.
WARNING: [Vivado 12-584] No ports matched 'gpio_out[12]'. [/data/chenzh/course/digital_design/risc-v/sim/project_1/project_1.srcs/constrs_1/new/tinyriscv_soc_top.xdc:49]
CRITICAL WARNING: [Common 17-55] 'set_property' expects at least one object. [/data/chenzh/course/digital_design/risc-v/sim/project_1/project_1.srcs/constrs_1/new/tinyriscv_soc_top.xdc:49]
Resolution: If [get_<value>] was used to populate the object, check to make sure this command returns at least one valid object.
WARNING: [Vivado 12-584] No ports matched 'gpio_out[13]'. [/data/chenzh/course/digital_design/risc-v/sim/project_1/project_1.srcs/constrs_1/new/tinyriscv_soc_top.xdc:50]
CRITICAL WARNING: [Common 17-55] 'set_property' expects at least one object. [/data/chenzh/course/digital_design/risc-v/sim/project_1/project_1.srcs/constrs_1/new/tinyriscv_soc_top.xdc:50]
Resolution: If [get_<value>] was used to populate the object, check to make sure this command returns at least one valid object.
WARNING: [Vivado 12-584] No ports matched 'gpio_out[14]'. [/data/chenzh/course/digital_design/risc-v/sim/project_1/project_1.srcs/constrs_1/new/tinyriscv_soc_top.xdc:51]
CRITICAL WARNING: [Common 17-55] 'set_property' expects at least one object. [/data/chenzh/course/digital_design/risc-v/sim/project_1/project_1.srcs/constrs_1/new/tinyriscv_soc_top.xdc:51]
Resolution: If [get_<value>] was used to populate the object, check to make sure this command returns at least one valid object.
WARNING: [Vivado 12-584] No ports matched 'gpio_out[15]'. [/data/chenzh/course/digital_design/risc-v/sim/project_1/project_1.srcs/constrs_1/new/tinyriscv_soc_top.xdc:52]
CRITICAL WARNING: [Common 17-55] 'set_property' expects at least one object. [/data/chenzh/course/digital_design/risc-v/sim/project_1/project_1.srcs/constrs_1/new/tinyriscv_soc_top.xdc:52]
Resolution: If [get_<value>] was used to populate the object, check to make sure this command returns at least one valid object.
WARNING: [Vivado 12-584] No ports matched 'io_scl'. [/data/chenzh/course/digital_design/risc-v/sim/project_1/project_1.srcs/constrs_1/new/tinyriscv_soc_top.xdc:55]
CRITICAL WARNING: [Common 17-55] 'set_property' expects at least one object. [/data/chenzh/course/digital_design/risc-v/sim/project_1/project_1.srcs/constrs_1/new/tinyriscv_soc_top.xdc:55]
Resolution: If [get_<value>] was used to populate the object, check to make sure this command returns at least one valid object.
WARNING: [Vivado 12-584] No ports matched 'io_scl'. [/data/chenzh/course/digital_design/risc-v/sim/project_1/project_1.srcs/constrs_1/new/tinyriscv_soc_top.xdc:56]
CRITICAL WARNING: [Common 17-55] 'set_property' expects at least one object. [/data/chenzh/course/digital_design/risc-v/sim/project_1/project_1.srcs/constrs_1/new/tinyriscv_soc_top.xdc:56]
Resolution: If [get_<value>] was used to populate the object, check to make sure this command returns at least one valid object.
WARNING: [Vivado 12-584] No ports matched 'io_sda'. [/data/chenzh/course/digital_design/risc-v/sim/project_1/project_1.srcs/constrs_1/new/tinyriscv_soc_top.xdc:58]
CRITICAL WARNING: [Common 17-55] 'set_property' expects at least one object. [/data/chenzh/course/digital_design/risc-v/sim/project_1/project_1.srcs/constrs_1/new/tinyriscv_soc_top.xdc:58]
Resolution: If [get_<value>] was used to populate the object, check to make sure this command returns at least one valid object.
WARNING: [Vivado 12-584] No ports matched 'io_sda'. [/data/chenzh/course/digital_design/risc-v/sim/project_1/project_1.srcs/constrs_1/new/tinyriscv_soc_top.xdc:59]
CRITICAL WARNING: [Common 17-55] 'set_property' expects at least one object. [/data/chenzh/course/digital_design/risc-v/sim/project_1/project_1.srcs/constrs_1/new/tinyriscv_soc_top.xdc:59]
Resolution: If [get_<value>] was used to populate the object, check to make sure this command returns at least one valid object.
Finished Parsing XDC File [/data/chenzh/course/digital_design/risc-v/sim/project_1/project_1.srcs/constrs_1/new/tinyriscv_soc_top.xdc]
INFO: [Project 1-236] Implementation specific constraints were found while reading constraint file [/data/chenzh/course/digital_design/risc-v/sim/project_1/project_1.srcs/constrs_1/new/tinyriscv_soc_top.xdc]. These constraints will be ignored for synthesis but will be used in implementation. Impacted constraints are listed in the file [.Xil/tinyriscv_soc_top_propImpl.xdc].
Resolution: To avoid this warning, move constraints listed in [.Xil/tinyriscv_soc_top_propImpl.xdc] to another XDC file and exclude this new file from synthesis with the used_in_synthesis property (File Properties dialog in GUI) and re-run elaboration/synthesis.
Completed Processing XDC Constraints

Netlist sorting complete. Time (s): cpu = 00:00:00 ; elapsed = 00:00:00 . Memory (MB): peak = 2596.906 ; gain = 0.000 ; free physical = 6727 ; free virtual = 103676
INFO: [Project 1-111] Unisim Transformation Summary:
No Unisim elements were transformed.

Constraint Validation Runtime : Time (s): cpu = 00:00:00.02 ; elapsed = 00:00:00.02 . Memory (MB): peak = 2596.906 ; gain = 0.000 ; free physical = 6727 ; free virtual = 103675
---------------------------------------------------------------------------------
Finished Constraint Validation : Time (s): cpu = 00:00:13 ; elapsed = 00:00:13 . Memory (MB): peak = 2596.906 ; gain = 63.891 ; free physical = 6841 ; free virtual = 103790
---------------------------------------------------------------------------------
---------------------------------------------------------------------------------
Start Loading Part and Timing Information
---------------------------------------------------------------------------------
Loading part: xc7a35tfgg484-2
---------------------------------------------------------------------------------
Finished Loading Part and Timing Information : Time (s): cpu = 00:00:13 ; elapsed = 00:00:13 . Memory (MB): peak = 2596.906 ; gain = 63.891 ; free physical = 6841 ; free virtual = 103790
---------------------------------------------------------------------------------
---------------------------------------------------------------------------------
Start Applying 'set_property' XDC Constraints
---------------------------------------------------------------------------------
---------------------------------------------------------------------------------
Finished applying 'set_property' XDC Constraints : Time (s): cpu = 00:00:13 ; elapsed = 00:00:14 . Memory (MB): peak = 2596.906 ; gain = 63.891 ; free physical = 6841 ; free virtual = 103790
---------------------------------------------------------------------------------
INFO: [Synth 8-802] inferred FSM for state register 'state_reg' in module 'div'
INFO: [Synth 8-802] inferred FSM for state register 'csr_state_reg' in module 'clint'
INFO: [Synth 8-802] inferred FSM for state register 'state_reg' in module 'i2c'
INFO: [Synth 8-802] inferred FSM for state register 'state_reg' in module 'uart_debug'
INFO: [Synth 8-802] inferred FSM for state register 'state_reg' in module 'full_handshake_tx'
INFO: [Synth 8-802] inferred FSM for state register 'state_reg' in module 'full_handshake_rx'
INFO: [Synth 8-802] inferred FSM for state register 'jtag_state_reg' in module 'jtag_driver'
---------------------------------------------------------------------------------------------------
                   State |                     New Encoding |                Previous Encoding 
---------------------------------------------------------------------------------------------------
*
              STATE_IDLE |                             0001 |                             0001
             STATE_START |                             0010 |                             0010
              STATE_CALC |                             0100 |                             0100
               STATE_END |                             1000 |                             1000
---------------------------------------------------------------------------------------------------
INFO: [Synth 8-3898] No Re-encoding of one hot register 'state_reg' in module 'div'
---------------------------------------------------------------------------------------------------
                   State |                     New Encoding |                Previous Encoding 
---------------------------------------------------------------------------------------------------
*
              S_CSR_IDLE |                            00001 |                            00001
              S_CSR_MEPC |                            00100 |                            00100
           S_CSR_MSTATUS |                            00010 |                            00010
            S_CSR_MCAUSE |                            10000 |                            10000
      S_CSR_MSTATUS_MRET |                            01000 |                            01000
---------------------------------------------------------------------------------------------------
INFO: [Synth 8-3898] No Re-encoding of one hot register 'csr_state_reg' in module 'clint'
---------------------------------------------------------------------------------------------------
                   State |                     New Encoding |                Previous Encoding 
---------------------------------------------------------------------------------------------------
                    IDLE |                              000 |                              000
                   START |                              001 |                              001
                    ADDR |                              010 |                              010
                      RW |                              011 |                              011
                    ACK1 |                              100 |                              100
                 DATA_RD |                              101 |                              110
                 DATA_WR |                              110 |                              101
                    ACK2 |                              111 |                              111
---------------------------------------------------------------------------------------------------
INFO: [Synth 8-3354] encoded FSM with state register 'state_reg' using encoding 'sequential' in module 'i2c'
---------------------------------------------------------------------------------------------------
                   State |                     New Encoding |                Previous Encoding 
---------------------------------------------------------------------------------------------------
*
                  S_IDLE |                   00000000000001 |                   00000000000001
        S_INIT_UART_BAUD |                   00000000000010 |                   00000000000010
      S_REC_FIRST_PACKET |                   00000001000000 |                   00000001000000
S_CLEAR_UART_RX_OVER_FLAG |                   00000000000100 |                   00000000000100
             S_WAIT_BYTE |                   00000000001000 |                   00000000001000
            S_WAIT_BYTE2 |                   00000000010000 |                   00000000010000
              S_GET_BYTE |                   00000000100000 |                   00000000100000
             S_CRC_START |                   00010000000000 |                   00010000000000
              S_CRC_CALC |                   00100000000000 |                   00100000000000
               S_CRC_END |                   01000000000000 |                   01000000000000
             S_WRITE_MEM |                   10000000000000 |                   10000000000000
              S_SEND_ACK |                   00000100000000 |                   00000100000000
              S_SEND_NAK |                   00001000000000 |                   00001000000000
     S_REC_REMAIN_PACKET |                   00000010000000 |                   00000010000000
---------------------------------------------------------------------------------------------------
INFO: [Synth 8-3898] No Re-encoding of one hot register 'state_reg' in module 'uart_debug'
---------------------------------------------------------------------------------------------------
                   State |                     New Encoding |                Previous Encoding 
---------------------------------------------------------------------------------------------------
*
              STATE_IDLE |                              001 |                              001
            STATE_ASSERT |                              010 |                              010
          STATE_DEASSERT |                              100 |                              100
---------------------------------------------------------------------------------------------------
INFO: [Synth 8-3898] No Re-encoding of one hot register 'state_reg' in module 'full_handshake_tx'
---------------------------------------------------------------------------------------------------
                   State |                     New Encoding |                Previous Encoding 
---------------------------------------------------------------------------------------------------
*
              STATE_IDLE |                               01 |                               01
          STATE_DEASSERT |                               10 |                               10
---------------------------------------------------------------------------------------------------
INFO: [Synth 8-3898] No Re-encoding of one hot register 'state_reg' in module 'full_handshake_rx'
---------------------------------------------------------------------------------------------------
                   State |                     New Encoding |                Previous Encoding 
---------------------------------------------------------------------------------------------------
        TEST_LOGIC_RESET |                 0000000000000001 |                             0000
           RUN_TEST_IDLE |                 0000000000000010 |                             0001
               SELECT_DR |                 0000000000000100 |                             0010
               SELECT_IR |                 0000000000001000 |                             1001
              CAPTURE_IR |                 0000000000010000 |                             1010
                SHIFT_IR |                 0000000000100000 |                             1011
                EXIT1_IR |                 0000000001000000 |                             1100
                PAUSE_IR |                 0000000010000000 |                             1101
                EXIT2_IR |                 0000000100000000 |                             1110
               UPDATE_IR |                 0000001000000000 |                             1111
              CAPTURE_DR |                 0000010000000000 |                             0011
                SHIFT_DR |                 0000100000000000 |                             0100
                EXIT1_DR |                 0001000000000000 |                             0101
                PAUSE_DR |                 0010000000000000 |                             0110
                EXIT2_DR |                 0100000000000000 |                             0111
               UPDATE_DR |                 1000000000000000 |                             1000
---------------------------------------------------------------------------------------------------
INFO: [Synth 8-3354] encoded FSM with state register 'jtag_state_reg' using encoding 'one-hot' in module 'jtag_driver'
---------------------------------------------------------------------------------
Finished RTL Optimization Phase 2 : Time (s): cpu = 00:00:17 ; elapsed = 00:00:19 . Memory (MB): peak = 2596.906 ; gain = 63.891 ; free physical = 6812 ; free virtual = 103764
---------------------------------------------------------------------------------
---------------------------------------------------------------------------------
Start RTL Component Statistics 
---------------------------------------------------------------------------------
Detailed RTL Component Info : 
+---Adders : 
	   2 Input   64 Bit       Adders := 1     
	   2 Input   32 Bit       Adders := 22    
	   3 Input   32 Bit       Adders := 2     
	   2 Input   16 Bit       Adders := 1     
	   2 Input    9 Bit       Adders := 2     
	   2 Input    8 Bit       Adders := 7     
	   2 Input    7 Bit       Adders := 1     
	   2 Input    5 Bit       Adders := 1     
	   2 Input    4 Bit       Adders := 6     
	   2 Input    3 Bit       Adders := 1     
	   2 Input    2 Bit       Adders := 2     
+---XORs : 
	   2 Input     32 Bit         XORs := 1     
	   2 Input     16 Bit         XORs := 2     
	   2 Input      1 Bit         XORs := 1     
+---Registers : 
	               40 Bit    Registers := 7     
	               32 Bit    Registers := 100   
	               16 Bit    Registers := 3     
	                9 Bit    Registers := 1     
	                8 Bit    Registers := 145   
	                7 Bit    Registers := 1     
	                5 Bit    Registers := 5     
	                4 Bit    Registers := 7     
	                3 Bit    Registers := 1     
	                1 Bit    Registers := 55    
+---Muxes : 
	   4 Input   40 Bit        Muxes := 4     
	   3 Input   40 Bit        Muxes := 3     
	   2 Input   40 Bit        Muxes := 1     
	   2 Input   32 Bit        Muxes := 143   
	  33 Input   32 Bit        Muxes := 1     
	   9 Input   32 Bit        Muxes := 2     
	   8 Input   32 Bit        Muxes := 35    
	  14 Input   32 Bit        Muxes := 1     
	   6 Input   32 Bit        Muxes := 2     
	   4 Input   32 Bit        Muxes := 28    
	  12 Input   32 Bit        Muxes := 5     
	   3 Input   32 Bit        Muxes := 3     
	   7 Input   32 Bit        Muxes := 3     
	   5 Input   32 Bit        Muxes := 10    
	  15 Input   32 Bit        Muxes := 2     
	   2 Input   31 Bit        Muxes := 2     
	   3 Input   31 Bit        Muxes := 1     
	   2 Input   30 Bit        Muxes := 2     
	   3 Input   30 Bit        Muxes := 1     
	   2 Input   28 Bit        Muxes := 32    
	   8 Input   28 Bit        Muxes := 32    
	   4 Input   28 Bit        Muxes := 8     
	   2 Input   16 Bit        Muxes := 21    
	  16 Input   16 Bit        Muxes := 1     
	  15 Input   16 Bit        Muxes := 1     
	   3 Input   16 Bit        Muxes := 1     
	  15 Input   14 Bit        Muxes := 1     
	   2 Input   14 Bit        Muxes := 2     
	  14 Input   12 Bit        Muxes := 1     
	   3 Input   12 Bit        Muxes := 1     
	   5 Input   12 Bit        Muxes := 1     
	   2 Input   12 Bit        Muxes := 1     
	   2 Input   11 Bit        Muxes := 1     
	   5 Input   10 Bit        Muxes := 1     
	   2 Input    8 Bit        Muxes := 5     
	   3 Input    8 Bit        Muxes := 2     
	   4 Input    8 Bit        Muxes := 6     
	   8 Input    8 Bit        Muxes := 1     
	   2 Input    7 Bit        Muxes := 1     
	  11 Input    6 Bit        Muxes := 1     
	   2 Input    5 Bit        Muxes := 23    
	   4 Input    5 Bit        Muxes := 3     
	   3 Input    5 Bit        Muxes := 2     
	  14 Input    5 Bit        Muxes := 2     
	   6 Input    5 Bit        Muxes := 1     
	   9 Input    4 Bit        Muxes := 2     
	   5 Input    4 Bit        Muxes := 2     
	   2 Input    4 Bit        Muxes := 9     
	   4 Input    4 Bit        Muxes := 1     
	   3 Input    4 Bit        Muxes := 3     
	  14 Input    3 Bit        Muxes := 3     
	   2 Input    3 Bit        Muxes := 16    
	   3 Input    3 Bit        Muxes := 1     
	   8 Input    3 Bit        Muxes := 2     
	   4 Input    3 Bit        Muxes := 2     
	   2 Input    2 Bit        Muxes := 11    
	  12 Input    2 Bit        Muxes := 1     
	   3 Input    2 Bit        Muxes := 3     
	   4 Input    2 Bit        Muxes := 1     
	   5 Input    2 Bit        Muxes := 2     
	   2 Input    1 Bit        Muxes := 350   
	   3 Input    1 Bit        Muxes := 60    
	   7 Input    1 Bit        Muxes := 19    
	   8 Input    1 Bit        Muxes := 47    
	   4 Input    1 Bit        Muxes := 181   
	  14 Input    1 Bit        Muxes := 2     
	  12 Input    1 Bit        Muxes := 3     
	   6 Input    1 Bit        Muxes := 3     
	   5 Input    1 Bit        Muxes := 19    
	  10 Input    1 Bit        Muxes := 1     
	  11 Input    1 Bit        Muxes := 1     
	  15 Input    1 Bit        Muxes := 5     
---------------------------------------------------------------------------------
Finished RTL Component Statistics 
---------------------------------------------------------------------------------
---------------------------------------------------------------------------------
Start Part Resource Summary
---------------------------------------------------------------------------------
Part Resources:
DSPs: 90 (col length:60)
BRAMs: 100 (col length: RAMB18 60 RAMB36 30)
---------------------------------------------------------------------------------
Finished Part Resource Summary
---------------------------------------------------------------------------------
---------------------------------------------------------------------------------
Start Cross Boundary and Area Optimization
---------------------------------------------------------------------------------
DSP Report: Generating DSP mul_temp, operation Mode is: A*B.
DSP Report: operator mul_temp is absorbed into DSP mul_temp.
DSP Report: operator mul_temp is absorbed into DSP mul_temp.
DSP Report: Generating DSP mul_temp, operation Mode is: (PCIN>>17)+A*B.
DSP Report: operator mul_temp is absorbed into DSP mul_temp.
DSP Report: operator mul_temp is absorbed into DSP mul_temp.
DSP Report: Generating DSP mul_temp, operation Mode is: A*B.
DSP Report: operator mul_temp is absorbed into DSP mul_temp.
DSP Report: operator mul_temp is absorbed into DSP mul_temp.
DSP Report: Generating DSP mul_temp, operation Mode is: (PCIN>>17)+A*B.
DSP Report: operator mul_temp is absorbed into DSP mul_temp.
DSP Report: operator mul_temp is absorbed into DSP mul_temp.
CRITICAL WARNING: [Synth 8-6859] multi-driven net on pin Q with 1st driver pin 'i_0/pwm_0/_pwmRegC_reg[3]/Q' [/data/chenzh/course/digital_design/risc-v/src/tinyriscv/perips/pwm.v:43]
CRITICAL WARNING: [Synth 8-6859] multi-driven net on pin Q with 2nd driver pin 'GND' [/data/chenzh/course/digital_design/risc-v/src/tinyriscv/perips/pwm.v:43]
CRITICAL WARNING: [Synth 8-6858] multi-driven net Q is connected to at least one constant driver which has been preserved, other driver is ignored [/data/chenzh/course/digital_design/risc-v/src/tinyriscv/perips/pwm.v:43]
CRITICAL WARNING: [Synth 8-6859] multi-driven net on pin Q with 1st driver pin 'i_0/pwm_0/_pwmRegC_reg[2]/Q' [/data/chenzh/course/digital_design/risc-v/src/tinyriscv/perips/pwm.v:43]
CRITICAL WARNING: [Synth 8-6859] multi-driven net on pin Q with 2nd driver pin 'GND' [/data/chenzh/course/digital_design/risc-v/src/tinyriscv/perips/pwm.v:43]
CRITICAL WARNING: [Synth 8-6858] multi-driven net Q is connected to at least one constant driver which has been preserved, other driver is ignored [/data/chenzh/course/digital_design/risc-v/src/tinyriscv/perips/pwm.v:43]
CRITICAL WARNING: [Synth 8-6859] multi-driven net on pin Q with 1st driver pin 'i_0/pwm_0/_pwmRegC_reg[1]/Q' [/data/chenzh/course/digital_design/risc-v/src/tinyriscv/perips/pwm.v:43]
CRITICAL WARNING: [Synth 8-6859] multi-driven net on pin Q with 2nd driver pin 'GND' [/data/chenzh/course/digital_design/risc-v/src/tinyriscv/perips/pwm.v:43]
CRITICAL WARNING: [Synth 8-6858] multi-driven net Q is connected to at least one constant driver which has been preserved, other driver is ignored [/data/chenzh/course/digital_design/risc-v/src/tinyriscv/perips/pwm.v:43]
CRITICAL WARNING: [Synth 8-6859] multi-driven net on pin Q with 1st driver pin 'i_0/pwm_0/_pwmRegC_reg[0]/Q' [/data/chenzh/course/digital_design/risc-v/src/tinyriscv/perips/pwm.v:43]
CRITICAL WARNING: [Synth 8-6859] multi-driven net on pin Q with 2nd driver pin 'GND' [/data/chenzh/course/digital_design/risc-v/src/tinyriscv/perips/pwm.v:43]
CRITICAL WARNING: [Synth 8-6858] multi-driven net Q is connected to at least one constant driver which has been preserved, other driver is ignored [/data/chenzh/course/digital_design/risc-v/src/tinyriscv/perips/pwm.v:43]
---------------------------------------------------------------------------------
Finished Cross Boundary and Area Optimization : Time (s): cpu = 00:00:50 ; elapsed = 00:00:53 . Memory (MB): peak = 2596.906 ; gain = 63.891 ; free physical = 6733 ; free virtual = 103706
---------------------------------------------------------------------------------
---------------------------------------------------------------------------------
Start ROM, RAM, DSP, Shift Register and Retiming Reporting
---------------------------------------------------------------------------------

Distributed RAM: Preliminary Mapping Report (see note below)
+------------------+----------------+-----------+----------------------+-----------------+
|Module Name       | RTL Object     | Inference | Size (Depth x Width) | Primitives      | 
+------------------+----------------+-----------+----------------------+-----------------+
|tinyriscv_soc_top | u_rom/_rom_reg | Implied   | 256 x 32             | RAM256X1S x 32  | 
|tinyriscv_soc_top | u_ram/_ram_reg | Implied   | 16 x 32              | RAM16X1S x 32   | 
+------------------+----------------+-----------+----------------------+-----------------+

Note: The table above is a preliminary report that shows the Distributed RAMs at the current stage of the synthesis flow. Some Distributed RAMs may be reimplemented as non Distributed RAM primitives later in the synthesis flow. Multiple instantiated RAMs are reported only once.

DSP: Preliminary Mapping Report (see note below)
+------------+----------------+--------+--------+--------+--------+--------+------+------+------+------+-------+------+------+
|Module Name | DSP Mapping    | A Size | B Size | C Size | D Size | P Size | AREG | BREG | CREG | DREG | ADREG | MREG | PREG | 
+------------+----------------+--------+--------+--------+--------+--------+------+------+------+------+-------+------+------+
|ex          | A*B            | 18     | 16     | -      | -      | 48     | 0    | 0    | -    | -    | -     | 0    | 0    | 
|ex          | (PCIN>>17)+A*B | 16     | 16     | -      | -      | 30     | 0    | 0    | -    | -    | -     | 0    | 0    | 
|ex          | A*B            | 18     | 18     | -      | -      | 48     | 0    | 0    | -    | -    | -     | 0    | 0    | 
|ex          | (PCIN>>17)+A*B | 18     | 16     | -      | -      | 47     | 0    | 0    | -    | -    | -     | 0    | 0    | 
+------------+----------------+--------+--------+--------+--------+--------+------+------+------+------+-------+------+------+

Note: The table above is a preliminary report that shows the DSPs inferred at the current stage of the synthesis flow. Some DSP may be reimplemented as non DSP primitives later in the synthesis flow. Multiple instantiated DSPs are reported only once.
---------------------------------------------------------------------------------
Finished ROM, RAM, DSP, Shift Register and Retiming Reporting
---------------------------------------------------------------------------------
---------------------------------------------------------------------------------
Start Applying XDC Timing Constraints
---------------------------------------------------------------------------------
---------------------------------------------------------------------------------
Finished Applying XDC Timing Constraints : Time (s): cpu = 00:00:55 ; elapsed = 00:00:58 . Memory (MB): peak = 2596.906 ; gain = 63.891 ; free physical = 6625 ; free virtual = 103597
---------------------------------------------------------------------------------
---------------------------------------------------------------------------------
Start Timing Optimization
---------------------------------------------------------------------------------
---------------------------------------------------------------------------------
Finished Timing Optimization : Time (s): cpu = 00:01:04 ; elapsed = 00:01:08 . Memory (MB): peak = 2609.312 ; gain = 76.297 ; free physical = 6578 ; free virtual = 103552
---------------------------------------------------------------------------------
---------------------------------------------------------------------------------
Start ROM, RAM, DSP, Shift Register and Retiming Reporting
---------------------------------------------------------------------------------

Distributed RAM: Final Mapping Report
+------------------+----------------+-----------+----------------------+-----------------+
|Module Name       | RTL Object     | Inference | Size (Depth x Width) | Primitives      | 
+------------------+----------------+-----------+----------------------+-----------------+
|tinyriscv_soc_top | u_rom/_rom_reg | Implied   | 256 x 32             | RAM256X1S x 32  | 
|tinyriscv_soc_top | u_ram/_ram_reg | Implied   | 16 x 32              | RAM16X1S x 32   | 
+------------------+----------------+-----------+----------------------+-----------------+

---------------------------------------------------------------------------------
Finished ROM, RAM, DSP, Shift Register and Retiming Reporting
---------------------------------------------------------------------------------
---------------------------------------------------------------------------------
Start Technology Mapping
---------------------------------------------------------------------------------
---------------------------------------------------------------------------------
Finished Technology Mapping : Time (s): cpu = 00:01:09 ; elapsed = 00:01:12 . Memory (MB): peak = 2609.312 ; gain = 76.297 ; free physical = 6614 ; free virtual = 103588
---------------------------------------------------------------------------------
---------------------------------------------------------------------------------
Start IO Insertion
---------------------------------------------------------------------------------
---------------------------------------------------------------------------------
Start Flattening Before IO Insertion
---------------------------------------------------------------------------------
---------------------------------------------------------------------------------
Finished Flattening Before IO Insertion
---------------------------------------------------------------------------------
---------------------------------------------------------------------------------
Start Final Netlist Cleanup
---------------------------------------------------------------------------------
---------------------------------------------------------------------------------
Finished Final Netlist Cleanup
---------------------------------------------------------------------------------
---------------------------------------------------------------------------------
Finished IO Insertion : Time (s): cpu = 00:01:12 ; elapsed = 00:01:16 . Memory (MB): peak = 2609.312 ; gain = 76.297 ; free physical = 6607 ; free virtual = 103582
---------------------------------------------------------------------------------
---------------------------------------------------------------------------------
Start Renaming Generated Instances
---------------------------------------------------------------------------------
---------------------------------------------------------------------------------
Finished Renaming Generated Instances : Time (s): cpu = 00:01:12 ; elapsed = 00:01:16 . Memory (MB): peak = 2609.312 ; gain = 76.297 ; free physical = 6607 ; free virtual = 103583
---------------------------------------------------------------------------------
---------------------------------------------------------------------------------
Start Rebuilding User Hierarchy
---------------------------------------------------------------------------------
---------------------------------------------------------------------------------
Finished Rebuilding User Hierarchy : Time (s): cpu = 00:01:13 ; elapsed = 00:01:17 . Memory (MB): peak = 2609.312 ; gain = 76.297 ; free physical = 6612 ; free virtual = 103587
---------------------------------------------------------------------------------
---------------------------------------------------------------------------------
Start Renaming Generated Ports
---------------------------------------------------------------------------------
---------------------------------------------------------------------------------
Finished Renaming Generated Ports : Time (s): cpu = 00:01:13 ; elapsed = 00:01:17 . Memory (MB): peak = 2609.312 ; gain = 76.297 ; free physical = 6611 ; free virtual = 103586
---------------------------------------------------------------------------------
---------------------------------------------------------------------------------
Start Handling Custom Attributes
---------------------------------------------------------------------------------
---------------------------------------------------------------------------------
Finished Handling Custom Attributes : Time (s): cpu = 00:01:13 ; elapsed = 00:01:17 . Memory (MB): peak = 2609.312 ; gain = 76.297 ; free physical = 6611 ; free virtual = 103586
---------------------------------------------------------------------------------
---------------------------------------------------------------------------------
Start Renaming Generated Nets
---------------------------------------------------------------------------------
---------------------------------------------------------------------------------
Finished Renaming Generated Nets : Time (s): cpu = 00:01:13 ; elapsed = 00:01:17 . Memory (MB): peak = 2609.312 ; gain = 76.297 ; free physical = 6611 ; free virtual = 103586
---------------------------------------------------------------------------------
---------------------------------------------------------------------------------
Start Writing Synthesis Report
---------------------------------------------------------------------------------

Report BlackBoxes: 
+-+--------------+----------+
| |BlackBox name |Instances |
+-+--------------+----------+
+-+--------------+----------+

Report Cell Usage: 
+------+----------+------+
|      |Cell      |Count |
+------+----------+------+
|1     |BUFG      |     2|
|2     |CARRY4    |   237|
|3     |DSP48E1   |     4|
|4     |LUT1      |   321|
|5     |LUT2      |   950|
|6     |LUT3      |   432|
|7     |LUT4      |   879|
|8     |LUT5      |   577|
|9     |LUT6      |  4230|
|10    |MUXF7     |   801|
|11    |MUXF8     |   304|
|12    |RAM16X1S  |    32|
|13    |RAM256X1S |    32|
|14    |FDCE      |   549|
|15    |FDPE      |    12|
|16    |FDRE      |  3739|
|17    |FDSE      |    11|
|18    |IBUF      |     8|
|19    |IOBUF     |     2|
|20    |OBUF      |     8|
|21    |OBUFT     |    14|
+------+----------+------+
---------------------------------------------------------------------------------
Finished Writing Synthesis Report : Time (s): cpu = 00:01:13 ; elapsed = 00:01:17 . Memory (MB): peak = 2609.312 ; gain = 76.297 ; free physical = 6610 ; free virtual = 103585
---------------------------------------------------------------------------------
Synthesis finished with 0 errors, 12 critical warnings and 0 warnings.
Synthesis Optimization Runtime : Time (s): cpu = 00:01:10 ; elapsed = 00:01:14 . Memory (MB): peak = 2609.312 ; gain = 12.406 ; free physical = 6675 ; free virtual = 103650
Synthesis Optimization Complete : Time (s): cpu = 00:01:13 ; elapsed = 00:01:17 . Memory (MB): peak = 2609.320 ; gain = 76.297 ; free physical = 6675 ; free virtual = 103650
INFO: [Project 1-571] Translating synthesized netlist
Netlist sorting complete. Time (s): cpu = 00:00:00.09 ; elapsed = 00:00:00.08 . Memory (MB): peak = 2609.320 ; gain = 0.000 ; free physical = 6766 ; free virtual = 103741
INFO: [Netlist 29-17] Analyzing 1412 Unisim elements for replacement
INFO: [Netlist 29-28] Unisim Transformation completed in 0 CPU seconds
INFO: [Project 1-570] Preparing netlist for logic optimization
INFO: [Opt 31-138] Pushed 0 inverter(s) to 0 load pin(s).
Netlist sorting complete. Time (s): cpu = 00:00:00 ; elapsed = 00:00:00 . Memory (MB): peak = 2641.328 ; gain = 0.000 ; free physical = 6708 ; free virtual = 103683
INFO: [Project 1-111] Unisim Transformation Summary:
  A total of 66 instances were transformed.
  IOBUF => IOBUF (IBUF, OBUFT): 2 instances
  RAM16X1S => RAM32X1S (RAMS32): 32 instances
  RAM256X1S => RAM256X1S (MUXF7(x2), MUXF8, RAMS64E(x4)): 32 instances

Synth Design complete, checksum: 8bb669de
INFO: [Common 17-83] Releasing license: Synthesis
126 Infos, 65 Warnings, 39 Critical Warnings and 0 Errors encountered.
synth_design completed successfully
synth_design: Time (s): cpu = 00:01:23 ; elapsed = 00:01:22 . Memory (MB): peak = 2641.328 ; gain = 108.453 ; free physical = 6871 ; free virtual = 103847
INFO: [runtcl-6] Synthesis results are not added to the cache due to CRITICAL_WARNING
INFO: [Common 17-1381] The checkpoint '/data/chenzh/course/digital_design/risc-v/sim/project_1/project_1.runs/synth_1/tinyriscv_soc_top.dcp' has been generated.
INFO: [runtcl-4] Executing : report_utilization -file tinyriscv_soc_top_utilization_synth.rpt -pb tinyriscv_soc_top_utilization_synth.pb
INFO: [Common 17-206] Exiting Vivado at Thu May 23 21:26:37 2024...
